2020-06-25 16:39:31,734 - INFO - say_hello.py - say_hello - 12 - say hello
2020-06-25 16:39:47,389 - INFO - say_hello.py - say_hello - 12 - say hello
2020-06-25 16:40:39,439 - INFO - say_hello.py - say_hello - 12 - say hello
2020-06-25 16:46:45,181 - INFO - api_login.py - login - 39 - 404
2020-06-26 10:01:00,987 - INFO - say_hello.py - say_hello - 12 - say hello
2020-06-26 14:38:45,952 - INFO - api_signup.py - signup - 31 - email has been signed
2020-06-26 15:22:04,820 - INFO - api_logout.py - clear_session - 20 - 'Flask' object has no attribute 'session'
2020-06-26 15:22:49,302 - INFO - api_logout.py - clear_session - 20 - 'Flask' object has no attribute 'session'
2020-06-26 15:29:23,419 - INFO - say_hello.py - say_hello - 12 - say hello
2020-06-26 15:39:22,769 - INFO - api_reset_password.py - reset_password - 29 - code error
2020-06-26 17:12:30,579 - INFO - api_mailcode.py - send_mail - 54 - too often
2020-06-26 17:27:15,439 - INFO - api_mailcode.py - send_mail - 58 - temp_email.html
2020-06-26 17:57:31,131 - INFO - api_mailcode.py - send_mail - 52 - (502, b'Invalid input from 2408:84e1:c4:c624:a18b:bc65:558:cd4a to newxmesmtplogicsvrsza5.qq.com.', '=?utf-8?b?5rGq5Za15bel5Z2K?=')
2020-06-26 17:57:47,890 - INFO - api_mailcode.py - send_mail - 52 - (502, b'Invalid input from 2408:84e1:c4:c624:a18b:bc65:558:cd4a to newxmesmtplogicsvrsza9.qq.com.', '=?utf-8?b?5rGq5Za15bel5Z2K?=')
2020-06-26 18:36:21,767 - INFO - orm_save_article.py - save_article - 34 - Instance <Articlelist at 0x4d19fd0> is not bound to a Session; attribute refresh operation cannot proceed (Background on this error at: http://sqlalche.me/e/bhk3)
2020-06-26 21:19:48,085 - INFO - api_save_article.py - saveArticle - 37 - can only concatenate str (not "int") to str
2020-06-26 21:38:56,831 - INFO - api_save_article.py - saveArticle - 40 - [Errno 2] No such file or directory: '../static/articles/1_第一篇博客.md'
2020-06-26 21:48:25,882 - INFO - api_save_article.py - saveArticle - 38 - [Errno 2] No such file or directory: '../static/articles/1_第一篇博客.md'
2020-06-26 21:48:25,901 - INFO - orm_delete_article.py - delete_article - 27 - Instance '<Articlelist at 0x47faf70>' is not persisted
2020-06-26 22:02:12,126 - INFO - api_save_article.py - saveArticle - 38 - [Errno 2] No such file or directory: '../static/articles/1_第一篇博客.md'
2020-06-26 22:02:12,144 - INFO - orm_delete_article.py - delete_article - 28 - type object 'Articlelist' has no attribute 'query'
2020-06-26 22:02:58,404 - INFO - api_save_article.py - saveArticle - 38 - [Errno 2] No such file or directory: '../static/articles/1_第一篇博客.md'
2020-06-26 22:02:58,422 - INFO - orm_delete_article.py - delete_article - 28 - type object 'Articlelist' has no attribute 'query'
2020-06-26 22:04:31,443 - INFO - api_save_article.py - saveArticle - 38 - [Errno 2] No such file or directory: '../static/articles/1_第一篇博客.md'
2020-06-26 22:04:31,463 - INFO - orm_delete_article.py - delete_article - 28 - Class 'sqlalchemy.orm.query.Query' is not mapped
2020-06-26 22:05:40,578 - INFO - api_save_article.py - saveArticle - 38 - [Errno 2] No such file or directory: '../static/articles/1_第一篇博客.md'
